<?xml version="1.0" encoding="UTF-8"?>
<robot generator="Robot 6.1 (Python 3.10.8 on win32)" generated="20230809 16:26:26.887" rpa="false" schemaversion="4">
<suite id="s1" name="Estudo3" source="c:\Users\user\Documents\Robot\robot\web\test\features\estudo3.robot">
<test id="s1-t1" name="Cenario 1: Preencher texto iframe" line="12">
<kw name="Abrir navegador" library="hooks" type="SETUP">
<kw name="Open Browser" library="SeleniumLibrary">
<arg>about:blank</arg>
<arg>headlesschrome</arg>
<doc>Opens a new browser instance to the optional ``url``.</doc>
<msg timestamp="20230809 16:26:28.281" level="INFO">Opening browser 'headlesschrome' to base url 'about:blank'.</msg>
<msg timestamp="20230809 16:26:28.342" level="INFO">Executing: c:\Users\user\Documents\Robot\robot\web\venv\lib\site-packages\selenium\webdriver\common\windows\selenium-manager.exe --browser chrome --output json</msg>
<status status="PASS" starttime="20230809 16:26:28.278" endtime="20230809 16:26:30.484"/>
</kw>
<kw name="Set Browser Implicit Wait" library="SeleniumLibrary">
<arg>30s</arg>
<doc>Sets the implicit wait value used by Selenium.</doc>
<status status="PASS" starttime="20230809 16:26:30.485" endtime="20230809 16:26:30.488"/>
</kw>
<kw name="Maximize Browser Window" library="SeleniumLibrary">
<doc>Maximizes current browser window.</doc>
<status status="PASS" starttime="20230809 16:26:30.489" endtime="20230809 16:26:30.609"/>
</kw>
<status status="PASS" starttime="20230809 16:26:28.276" endtime="20230809 16:26:30.610"/>
</kw>
<kw name="Acessar pagina inicial the internal" library="kws_estudo3">
<kw name="Go To" library="SeleniumLibrary">
<arg>https://the-internet.herokuapp.com/iframe</arg>
<doc>Navigates the current browser window to the provided ``url``.</doc>
<msg timestamp="20230809 16:26:30.619" level="INFO">Opening url 'https://the-internet.herokuapp.com/iframe'</msg>
<status status="PASS" starttime="20230809 16:26:30.617" endtime="20230809 16:26:37.088"/>
</kw>
<status status="PASS" starttime="20230809 16:26:30.614" endtime="20230809 16:26:37.088"/>
</kw>
<kw name="Validar carregamento pagina" library="kws_estudo3">
<kw name="Wait Until Element Is Visible" library="SeleniumLibrary">
<arg>${PAGINA_THE_INTERNET}[campo_texto]</arg>
<doc>Waits until the element ``locator`` is visible.</doc>
<status status="PASS" starttime="20230809 16:26:37.092" endtime="20230809 16:26:37.214"/>
</kw>
<status status="PASS" starttime="20230809 16:26:37.090" endtime="20230809 16:26:37.215"/>
</kw>
<kw name="Escerver o texto &quot;Robot Framework com Iframes.&quot;" library="kws_estudo3" sourcename="Escerver o texto &quot;${texto}&quot;">
<kw name="Select Frame" library="SeleniumLibrary">
<arg>${PAGINA_THE_INTERNET.frame}</arg>
<doc>Sets frame identified by ``locator`` as the current frame.</doc>
<msg timestamp="20230809 16:26:37.224" level="INFO">Selecting frame 'id=mce_0_ifr'.</msg>
<status status="PASS" starttime="20230809 16:26:37.219" endtime="20230809 16:26:37.325"/>
</kw>
<kw name="Wait Until Page Contains" library="SeleniumLibrary">
<arg>${PAGINA_THE_INTERNET}[texto_do_campo_input]</arg>
<doc>Waits until ``text`` appears on the current page.</doc>
<status status="PASS" starttime="20230809 16:26:37.327" endtime="20230809 16:26:37.355"/>
</kw>
<kw name="Current Frame Should Contain" library="SeleniumLibrary">
<arg>${PAGINA_THE_INTERNET}[texto_do_campo_input]</arg>
<doc>Verifies that the current frame contains ``text``.</doc>
<msg timestamp="20230809 16:26:37.376" level="INFO">Current frame contains text 'Your content goes here.'.</msg>
<status status="PASS" starttime="20230809 16:26:37.355" endtime="20230809 16:26:37.376"/>
</kw>
<kw name="Click Element" library="SeleniumLibrary">
<arg>${PAGINA_THE_INTERNET.id_campo_texto}</arg>
<doc>Click the element identified by ``locator``.</doc>
<msg timestamp="20230809 16:26:37.379" level="INFO">Clicking element 'id:tinymce'.</msg>
<status status="PASS" starttime="20230809 16:26:37.377" endtime="20230809 16:26:37.579"/>
</kw>
<kw name="Clear Element Text" library="SeleniumLibrary">
<arg>${PAGINA_THE_INTERNET.id_campo_texto}</arg>
<doc>Clears the value of the text-input-element identified by ``locator``.</doc>
<status status="PASS" starttime="20230809 16:26:37.580" endtime="20230809 16:26:37.663"/>
</kw>
<kw name="Input Text" library="SeleniumLibrary">
<arg>${PAGINA_THE_INTERNET.id_campo_texto}</arg>
<arg>${texto}</arg>
<doc>Types the given ``text`` into the text field identified by ``locator``.</doc>
<msg timestamp="20230809 16:26:37.668" level="INFO">Typing text 'Robot Framework com Iframes.' into text field 'id:tinymce'.</msg>
<status status="PASS" starttime="20230809 16:26:37.664" endtime="20230809 16:26:37.941"/>
</kw>
<kw name="Element Text Should Be" library="SeleniumLibrary">
<arg>${PAGINA_THE_INTERNET.id_campo_texto}</arg>
<arg>${texto}</arg>
<doc>Verifies that element ``locator`` contains exact the text ``expected``.</doc>
<msg timestamp="20230809 16:26:37.942" level="WARN">Keyword 'Element Text Should Be' found both from a custom library 'SeleniumLibrary' and a standard library 'XML'. The custom keyword is used. To select explicitly, and to get rid of this warning, use either 'SeleniumLibrary.Element Text Should Be' or 'XML.Element Text Should Be'.</msg>
<msg timestamp="20230809 16:26:37.951" level="INFO">Verifying element 'id:tinymce' contains exact text 'Robot Framework com Iframes.'.</msg>
<status status="PASS" starttime="20230809 16:26:37.942" endtime="20230809 16:26:38.011"/>
</kw>
<kw name="Tira Print" library="hooks">
<kw name="Capture Page Screenshot" library="SeleniumLibrary">
<doc>Takes a screenshot of the current page and embeds it into a log file.</doc>
<msg timestamp="20230809 16:26:38.107" level="INFO" html="true">&lt;/td&gt;&lt;/tr&gt;&lt;tr&gt;&lt;td colspan="3"&gt;&lt;a href="selenium-screenshot-1.png"&gt;&lt;img src="selenium-screenshot-1.png" width="800px"&gt;&lt;/a&gt;</msg>
<status status="PASS" starttime="20230809 16:26:38.014" endtime="20230809 16:26:38.108"/>
</kw>
<status status="PASS" starttime="20230809 16:26:38.012" endtime="20230809 16:26:38.109"/>
</kw>
<status status="PASS" starttime="20230809 16:26:37.217" endtime="20230809 16:26:38.109"/>
</kw>
<kw name="Log To Console" library="BuiltIn">
<arg>c:\\Users\\user\\Documents\\Robot\\robot\\web\\test\\features</arg>
<doc>Logs the given message to the console.</doc>
<status status="PASS" starttime="20230809 16:26:38.111" endtime="20230809 16:26:38.113"/>
</kw>
<kw name="Log To Console" library="BuiltIn">
<arg>"Exec" ${EXECDIR}</arg>
<doc>Logs the given message to the console.</doc>
<status status="PASS" starttime="20230809 16:26:38.115" endtime="20230809 16:26:38.117"/>
</kw>
<kw name="Fechar navegador" library="hooks" type="TEARDOWN">
<kw name="Close Browser" library="SeleniumLibrary">
<doc>Closes the current browser.</doc>
<status status="PASS" starttime="20230809 16:26:38.120" endtime="20230809 16:26:40.231"/>
</kw>
<status status="PASS" starttime="20230809 16:26:38.118" endtime="20230809 16:26:40.232"/>
</kw>
<status status="PASS" starttime="20230809 16:26:28.270" endtime="20230809 16:26:40.233"/>
</test>
<doc>Este caso arquivo contem os BDD dos casos de teste de login</doc>
<status status="PASS" starttime="20230809 16:26:26.910" endtime="20230809 16:26:40.237"/>
</suite>
<statistics>
<total>
<stat pass="1" fail="0" skip="0">All Tests</stat>
</total>
<tag>
</tag>
<suite>
<stat pass="1" fail="0" skip="0" id="s1" name="Estudo3">Estudo3</stat>
</suite>
</statistics>
<errors>
<msg timestamp="20230809 16:26:37.942" level="WARN">Keyword 'Element Text Should Be' found both from a custom library 'SeleniumLibrary' and a standard library 'XML'. The custom keyword is used. To select explicitly, and to get rid of this warning, use either 'SeleniumLibrary.Element Text Should Be' or 'XML.Element Text Should Be'.</msg>
</errors>
</robot>
